<?xml version="1.0" encoding="UTF-8"?>
<!-- Generated by org.testng.reporters.JUnitReportReporter -->
<testsuite hostname="ravi-w8" name="com.dem1.test1" tests="1" failures="0" timestamp="17 Sep 2016 12:18:09 GMT" time="24.186" errors="0">
  <testcase name="login" time="24.186" classname="com.dem1.test1"/>
</testsuite> <!-- com.dem1.test1 -->
